{"/Users/keegangaffney/Development/white-elephant/src/server.js": {"path":"/Users/keegangaffney/Development/white-elephant/src/server.js","statementMap":{"0":{"start":{"line":1,"column":16},"end":{"line":1,"column":34}},"1":{"start":{"line":2,"column":0},"end":{"line":2,"column":27}},"2":{"start":{"line":3,"column":13},"end":{"line":3,"column":33}},"3":{"start":{"line":4,"column":15},"end":{"line":4,"column":43}},"4":{"start":{"line":5,"column":15},"end":{"line":5,"column":32}},"5":{"start":{"line":6,"column":19},"end":{"line":6,"column":41}},"6":{"start":{"line":7,"column":21},"end":{"line":7,"column":55}},"7":{"start":{"line":8,"column":27},"end":{"line":8,"column":67}},"8":{"start":{"line":9,"column":12},"end":{"line":9,"column":21}},"9":{"start":{"line":10,"column":13},"end":{"line":10,"column":17}},"10":{"start":{"line":13,"column":0},"end":{"line":13,"column":27}},"11":{"start":{"line":14,"column":0},"end":{"line":14,"column":51}},"12":{"start":{"line":16,"column":16},"end":{"line":16,"column":58}},"13":{"start":{"line":17,"column":24},"end":{"line":17,"column":75}},"14":{"start":{"line":19,"column":0},"end":{"line":23,"column":1}},"15":{"start":{"line":20,"column":4},"end":{"line":22,"column":7}},"16":{"start":{"line":21,"column":8},"end":{"line":21,"column":37}},"17":{"start":{"line":26,"column":0},"end":{"line":28,"column":3}},"18":{"start":{"line":27,"column":4},"end":{"line":27,"column":67}},"19":{"start":{"line":30,"column":0},"end":{"line":49,"column":3}},"20":{"start":{"line":31,"column":24},"end":{"line":31,"column":37}},"21":{"start":{"line":32,"column":19},"end":{"line":32,"column":32}},"22":{"start":{"line":34,"column":4},"end":{"line":46,"column":5}},"23":{"start":{"line":35,"column":8},"end":{"line":37,"column":11}},"24":{"start":{"line":36,"column":12},"end":{"line":36,"column":99}},"25":{"start":{"line":38,"column":11},"end":{"line":46,"column":5}},"26":{"start":{"line":39,"column":8},"end":{"line":41,"column":11}},"27":{"start":{"line":40,"column":12},"end":{"line":40,"column":94}},"28":{"start":{"line":42,"column":11},"end":{"line":46,"column":5}},"29":{"start":{"line":43,"column":8},"end":{"line":43,"column":54}},"30":{"start":{"line":45,"column":8},"end":{"line":45,"column":63}},"31":{"start":{"line":48,"column":4},"end":{"line":48,"column":41}},"32":{"start":{"line":51,"column":0},"end":{"line":55,"column":1}},"33":{"start":{"line":52,"column":4},"end":{"line":54,"column":7}},"34":{"start":{"line":53,"column":8},"end":{"line":53,"column":66}},"35":{"start":{"line":58,"column":0},"end":{"line":58,"column":21}}},"fnMap":{"0":{"name":"(anonymous_0)","decl":{"start":{"line":20,"column":32},"end":{"line":20,"column":33}},"loc":{"start":{"line":20,"column":38},"end":{"line":22,"column":5}},"line":20},"1":{"name":"(anonymous_1)","decl":{"start":{"line":26,"column":13},"end":{"line":26,"column":14}},"loc":{"start":{"line":26,"column":27},"end":{"line":28,"column":1}},"line":26},"2":{"name":"(anonymous_2)","decl":{"start":{"line":30,"column":17},"end":{"line":30,"column":18}},"loc":{"start":{"line":30,"column":31},"end":{"line":49,"column":1}},"line":30},"3":{"name":"(anonymous_3)","decl":{"start":{"line":35,"column":52},"end":{"line":35,"column":53}},"loc":{"start":{"line":35,"column":58},"end":{"line":37,"column":9}},"line":35},"4":{"name":"(anonymous_4)","decl":{"start":{"line":39,"column":53},"end":{"line":39,"column":54}},"loc":{"start":{"line":39,"column":59},"end":{"line":41,"column":9}},"line":39},"5":{"name":"(anonymous_5)","decl":{"start":{"line":52,"column":21},"end":{"line":52,"column":22}},"loc":{"start":{"line":52,"column":27},"end":{"line":54,"column":5}},"line":52}},"branchMap":{"0":{"loc":{"start":{"line":19,"column":0},"end":{"line":23,"column":1}},"type":"if","locations":[{"start":{"line":19,"column":0},"end":{"line":23,"column":1}},{"start":{},"end":{}}],"line":19},"1":{"loc":{"start":{"line":34,"column":4},"end":{"line":46,"column":5}},"type":"if","locations":[{"start":{"line":34,"column":4},"end":{"line":46,"column":5}},{"start":{"line":38,"column":11},"end":{"line":46,"column":5}}],"line":34},"2":{"loc":{"start":{"line":38,"column":11},"end":{"line":46,"column":5}},"type":"if","locations":[{"start":{"line":38,"column":11},"end":{"line":46,"column":5}},{"start":{"line":42,"column":11},"end":{"line":46,"column":5}}],"line":38},"3":{"loc":{"start":{"line":42,"column":11},"end":{"line":46,"column":5}},"type":"if","locations":[{"start":{"line":42,"column":11},"end":{"line":46,"column":5}},{"start":{"line":44,"column":11},"end":{"line":46,"column":5}}],"line":42},"4":{"loc":{"start":{"line":42,"column":15},"end":{"line":42,"column":87}},"type":"binary-expr","locations":[{"start":{"line":42,"column":15},"end":{"line":42,"column":56}},{"start":{"line":42,"column":60},"end":{"line":42,"column":87}}],"line":42},"5":{"loc":{"start":{"line":51,"column":0},"end":{"line":55,"column":1}},"type":"if","locations":[{"start":{"line":51,"column":0},"end":{"line":55,"column":1}},{"start":{},"end":{}}],"line":51}},"s":{"0":1,"1":1,"2":1,"3":1,"4":1,"5":1,"6":1,"7":1,"8":1,"9":1,"10":1,"11":1,"12":1,"13":1,"14":1,"15":0,"16":0,"17":1,"18":1,"19":1,"20":4,"21":4,"22":4,"23":1,"24":0,"25":3,"26":1,"27":0,"28":2,"29":1,"30":1,"31":4,"32":1,"33":0,"34":0,"35":1},"f":{"0":0,"1":1,"2":4,"3":0,"4":0,"5":0},"b":{"0":[0,1],"1":[1,3],"2":[1,2],"3":[1,1],"4":[2,1],"5":[0,1]},"_coverageSchema":"1a1c01bbd47fc00a2c39e90264f33305004495a9","hash":"8bc92c519156107da99ba9e7b9a4cdb572451973"}
,"/Users/keegangaffney/Development/white-elephant/src/db/database.js": {"path":"/Users/keegangaffney/Development/white-elephant/src/db/database.js","statementMap":{"0":{"start":{"line":1,"column":16},"end":{"line":1,"column":44}},"1":{"start":{"line":2,"column":15},"end":{"line":2,"column":44}},"2":{"start":{"line":3,"column":13},"end":{"line":3,"column":28}},"3":{"start":{"line":4,"column":15},"end":{"line":4,"column":51}},"4":{"start":{"line":5,"column":20},"end":{"line":5,"column":52}},"5":{"start":{"line":7,"column":9},"end":{"line":15,"column":2}},"6":{"start":{"line":8,"column":4},"end":{"line":14,"column":5}},"7":{"start":{"line":9,"column":8},"end":{"line":9,"column":34}},"8":{"start":{"line":10,"column":8},"end":{"line":10,"column":18}},"9":{"start":{"line":12,"column":8},"end":{"line":12,"column":57}},"10":{"start":{"line":13,"column":8},"end":{"line":13,"column":27}},"11":{"start":{"line":19,"column":36},"end":{"line":27,"column":6}},"12":{"start":{"line":30,"column":33},"end":{"line":36,"column":6}},"13":{"start":{"line":38,"column":30},"end":{"line":42,"column":10}},"14":{"start":{"line":44,"column":4},"end":{"line":44,"column":30}},"15":{"start":{"line":45,"column":4},"end":{"line":45,"column":36}},"16":{"start":{"line":46,"column":4},"end":{"line":46,"column":33}},"17":{"start":{"line":48,"column":4},"end":{"line":48,"column":52}},"18":{"start":{"line":51,"column":0},"end":{"line":51,"column":20}}},"fnMap":{"0":{"name":"(anonymous_0)","decl":{"start":{"line":7,"column":38},"end":{"line":7,"column":39}},"loc":{"start":{"line":7,"column":47},"end":{"line":15,"column":1}},"line":7},"1":{"name":"initializeTables","decl":{"start":{"line":17,"column":9},"end":{"line":17,"column":25}},"loc":{"start":{"line":17,"column":28},"end":{"line":49,"column":1}},"line":17}},"branchMap":{"0":{"loc":{"start":{"line":8,"column":4},"end":{"line":14,"column":5}},"type":"if","locations":[{"start":{"line":8,"column":4},"end":{"line":14,"column":5}},{"start":{"line":11,"column":11},"end":{"line":14,"column":5}}],"line":8}},"s":{"0":2,"1":2,"2":2,"3":2,"4":2,"5":2,"6":2,"7":0,"8":0,"9":2,"10":2,"11":2,"12":2,"13":2,"14":2,"15":2,"16":2,"17":2,"18":2},"f":{"0":2,"1":2},"b":{"0":[0,2]},"_coverageSchema":"1a1c01bbd47fc00a2c39e90264f33305004495a9","hash":"18781c3e7074de463bcd4be2a11c7a5b575f326c"}
,"/Users/keegangaffney/Development/white-elephant/src/db/models/Participants.js": {"path":"/Users/keegangaffney/Development/white-elephant/src/db/models/Participants.js","statementMap":{"0":{"start":{"line":3,"column":8},"end":{"line":3,"column":21}},"1":{"start":{"line":4,"column":8},"end":{"line":4,"column":25}},"2":{"start":{"line":5,"column":8},"end":{"line":5,"column":39}},"3":{"start":{"line":6,"column":8},"end":{"line":6,"column":37}},"4":{"start":{"line":7,"column":8},"end":{"line":7,"column":35}},"5":{"start":{"line":11,"column":0},"end":{"line":11,"column":29}}},"fnMap":{"0":{"name":"(anonymous_0)","decl":{"start":{"line":2,"column":4},"end":{"line":2,"column":5}},"loc":{"start":{"line":2,"column":62},"end":{"line":8,"column":5}},"line":2}},"branchMap":{},"s":{"0":0,"1":0,"2":0,"3":0,"4":0,"5":2},"f":{"0":0},"b":{},"_coverageSchema":"1a1c01bbd47fc00a2c39e90264f33305004495a9","hash":"a781d1b9e057a5baf84ef829b61105ff6f32bc2b"}
,"/Users/keegangaffney/Development/white-elephant/src/services/adminService.js": {"path":"/Users/keegangaffney/Development/white-elephant/src/services/adminService.js","statementMap":{"0":{"start":{"line":1,"column":27},"end":{"line":1,"column":58}},"1":{"start":{"line":2,"column":19},"end":{"line":2,"column":42}},"2":{"start":{"line":3,"column":18},"end":{"line":3,"column":47}},"3":{"start":{"line":4,"column":15},"end":{"line":4,"column":34}},"4":{"start":{"line":7,"column":4},"end":{"line":7,"column":35}},"5":{"start":{"line":8,"column":32},"end":{"line":8,"column":50}},"6":{"start":{"line":10,"column":4},"end":{"line":45,"column":5}},"7":{"start":{"line":12,"column":12},"end":{"line":12,"column":55}},"8":{"start":{"line":13,"column":33},"end":{"line":13,"column":77}},"9":{"start":{"line":14,"column":12},"end":{"line":17,"column":15}},"10":{"start":{"line":15,"column":16},"end":{"line":15,"column":63}},"11":{"start":{"line":18,"column":12},"end":{"line":18,"column":18}},"12":{"start":{"line":22,"column":52},"end":{"line":22,"column":79}},"13":{"start":{"line":23,"column":12},"end":{"line":23,"column":81}},"14":{"start":{"line":24,"column":12},"end":{"line":24,"column":18}},"15":{"start":{"line":28,"column":40},"end":{"line":28,"column":49}},"16":{"start":{"line":29,"column":12},"end":{"line":29,"column":70}},"17":{"start":{"line":30,"column":12},"end":{"line":30,"column":18}},"18":{"start":{"line":32,"column":12},"end":{"line":41,"column":15}},"19":{"start":{"line":33,"column":16},"end":{"line":40,"column":17}},"20":{"start":{"line":34,"column":20},"end":{"line":34,"column":83}},"21":{"start":{"line":36,"column":20},"end":{"line":39,"column":23}},"22":{"start":{"line":38,"column":24},"end":{"line":38,"column":107}},"23":{"start":{"line":42,"column":12},"end":{"line":42,"column":18}},"24":{"start":{"line":44,"column":12},"end":{"line":44,"column":55}},"25":{"start":{"line":48,"column":0},"end":{"line":48,"column":41}}},"fnMap":{"0":{"name":"processAdminCommand","decl":{"start":{"line":6,"column":15},"end":{"line":6,"column":34}},"loc":{"start":{"line":6,"column":44},"end":{"line":46,"column":1}},"line":6},"1":{"name":"(anonymous_1)","decl":{"start":{"line":14,"column":33},"end":{"line":14,"column":34}},"loc":{"start":{"line":14,"column":48},"end":{"line":17,"column":13}},"line":14},"2":{"name":"(anonymous_2)","decl":{"start":{"line":32,"column":53},"end":{"line":32,"column":54}},"loc":{"start":{"line":32,"column":86},"end":{"line":41,"column":13}},"line":32},"3":{"name":"(anonymous_3)","decl":{"start":{"line":36,"column":51},"end":{"line":36,"column":52}},"loc":{"start":{"line":36,"column":66},"end":{"line":39,"column":21}},"line":36}},"branchMap":{"0":{"loc":{"start":{"line":10,"column":4},"end":{"line":45,"column":5}},"type":"switch","locations":[{"start":{"line":11,"column":8},"end":{"line":18,"column":18}},{"start":{"line":20,"column":8},"end":{"line":24,"column":18}},{"start":{"line":26,"column":8},"end":{"line":30,"column":18}},{"start":{"line":31,"column":8},"end":{"line":42,"column":18}},{"start":{"line":43,"column":8},"end":{"line":44,"column":55}}],"line":10},"1":{"loc":{"start":{"line":33,"column":16},"end":{"line":40,"column":17}},"type":"if","locations":[{"start":{"line":33,"column":16},"end":{"line":40,"column":17}},{"start":{"line":35,"column":23},"end":{"line":40,"column":17}}],"line":33}},"s":{"0":2,"1":2,"2":2,"3":2,"4":5,"5":5,"6":5,"7":1,"8":1,"9":1,"10":0,"11":1,"12":1,"13":1,"14":1,"15":1,"16":1,"17":1,"18":1,"19":1,"20":0,"21":1,"22":0,"23":1,"24":1,"25":2},"f":{"0":5,"1":0,"2":1,"3":0},"b":{"0":[1,1,1,1,1],"1":[0,1]},"_coverageSchema":"1a1c01bbd47fc00a2c39e90264f33305004495a9","hash":"d685bad5d39b96d5f500ae8c738e57af1b64ef03"}
,"/Users/keegangaffney/Development/white-elephant/src/services/logger.js": {"path":"/Users/keegangaffney/Development/white-elephant/src/services/logger.js","statementMap":{"0":{"start":{"line":1,"column":16},"end":{"line":1,"column":34}},"1":{"start":{"line":3,"column":15},"end":{"line":17,"column":2}},"2":{"start":{"line":20,"column":0},"end":{"line":24,"column":1}},"3":{"start":{"line":21,"column":4},"end":{"line":23,"column":8}},"4":{"start":{"line":26,"column":0},"end":{"line":26,"column":24}}},"fnMap":{},"branchMap":{"0":{"loc":{"start":{"line":20,"column":0},"end":{"line":24,"column":1}},"type":"if","locations":[{"start":{"line":20,"column":0},"end":{"line":24,"column":1}},{"start":{},"end":{}}],"line":20}},"s":{"0":2,"1":2,"2":2,"3":2,"4":2},"f":{},"b":{"0":[2,0]},"_coverageSchema":"1a1c01bbd47fc00a2c39e90264f33305004495a9","hash":"efbffd957aa356305b28c4be854d4a1d5d4b8d5e"}
,"/Users/keegangaffney/Development/white-elephant/src/services/participantService.js": {"path":"/Users/keegangaffney/Development/white-elephant/src/services/participantService.js","statementMap":{"0":{"start":{"line":1,"column":11},"end":{"line":1,"column":36}},"1":{"start":{"line":2,"column":19},"end":{"line":2,"column":42}},"2":{"start":{"line":3,"column":15},"end":{"line":3,"column":34}},"3":{"start":{"line":6,"column":18},"end":{"line":6,"column":47}},"4":{"start":{"line":8,"column":4},"end":{"line":22,"column":5}},"5":{"start":{"line":10,"column":8},"end":{"line":10,"column":49}},"6":{"start":{"line":11,"column":8},"end":{"line":11,"column":47}},"7":{"start":{"line":12,"column":11},"end":{"line":22,"column":5}},"8":{"start":{"line":14,"column":8},"end":{"line":14,"column":68}},"9":{"start":{"line":15,"column":8},"end":{"line":19,"column":11}},"10":{"start":{"line":17,"column":12},"end":{"line":17,"column":52}},"11":{"start":{"line":18,"column":12},"end":{"line":18,"column":68}},"12":{"start":{"line":21,"column":8},"end":{"line":21,"column":52}},"13":{"start":{"line":26,"column":16},"end":{"line":26,"column":129}},"14":{"start":{"line":27,"column":4},"end":{"line":32,"column":7}},"15":{"start":{"line":28,"column":8},"end":{"line":30,"column":9}},"16":{"start":{"line":29,"column":12},"end":{"line":29,"column":74}},"17":{"start":{"line":31,"column":8},"end":{"line":31,"column":19}},"18":{"start":{"line":36,"column":16},"end":{"line":36,"column":129}},"19":{"start":{"line":37,"column":4},"end":{"line":42,"column":7}},"20":{"start":{"line":38,"column":8},"end":{"line":40,"column":9}},"21":{"start":{"line":39,"column":12},"end":{"line":39,"column":75}},"22":{"start":{"line":41,"column":8},"end":{"line":41,"column":19}},"23":{"start":{"line":46,"column":46},"end":{"line":46,"column":57}},"24":{"start":{"line":47,"column":16},"end":{"line":47,"column":93}},"25":{"start":{"line":48,"column":4},"end":{"line":54,"column":7}},"26":{"start":{"line":49,"column":8},"end":{"line":53,"column":9}},"27":{"start":{"line":50,"column":12},"end":{"line":50,"column":69}},"28":{"start":{"line":52,"column":12},"end":{"line":52,"column":69}},"29":{"start":{"line":58,"column":16},"end":{"line":58,"column":65}},"30":{"start":{"line":59,"column":4},"end":{"line":65,"column":7}},"31":{"start":{"line":60,"column":8},"end":{"line":64,"column":9}},"32":{"start":{"line":61,"column":12},"end":{"line":61,"column":71}},"33":{"start":{"line":63,"column":12},"end":{"line":63,"column":81}},"34":{"start":{"line":69,"column":16},"end":{"line":69,"column":42}},"35":{"start":{"line":70,"column":4},"end":{"line":76,"column":7}},"36":{"start":{"line":71,"column":8},"end":{"line":75,"column":9}},"37":{"start":{"line":72,"column":12},"end":{"line":72,"column":76}},"38":{"start":{"line":74,"column":12},"end":{"line":74,"column":52}},"39":{"start":{"line":80,"column":31},"end":{"line":80,"column":83}},"40":{"start":{"line":81,"column":4},"end":{"line":98,"column":7}},"41":{"start":{"line":82,"column":8},"end":{"line":85,"column":9}},"42":{"start":{"line":83,"column":12},"end":{"line":83,"column":74}},"43":{"start":{"line":84,"column":12},"end":{"line":84,"column":19}},"44":{"start":{"line":86,"column":8},"end":{"line":97,"column":9}},"45":{"start":{"line":87,"column":38},"end":{"line":87,"column":107}},"46":{"start":{"line":88,"column":12},"end":{"line":94,"column":15}},"47":{"start":{"line":89,"column":16},"end":{"line":93,"column":17}},"48":{"start":{"line":90,"column":20},"end":{"line":90,"column":83}},"49":{"start":{"line":92,"column":20},"end":{"line":92,"column":83}},"50":{"start":{"line":96,"column":12},"end":{"line":96,"column":83}},"51":{"start":{"line":102,"column":16},"end":{"line":102,"column":44}},"52":{"start":{"line":103,"column":4},"end":{"line":109,"column":7}},"53":{"start":{"line":104,"column":8},"end":{"line":108,"column":9}},"54":{"start":{"line":105,"column":12},"end":{"line":105,"column":32}},"55":{"start":{"line":107,"column":12},"end":{"line":107,"column":33}},"56":{"start":{"line":113,"column":4},"end":{"line":153,"column":7}},"57":{"start":{"line":114,"column":8},"end":{"line":118,"column":9}},"58":{"start":{"line":115,"column":12},"end":{"line":115,"column":39}},"59":{"start":{"line":116,"column":12},"end":{"line":116,"column":26}},"60":{"start":{"line":117,"column":12},"end":{"line":117,"column":19}},"61":{"start":{"line":120,"column":30},"end":{"line":120,"column":35}},"62":{"start":{"line":121,"column":8},"end":{"line":130,"column":9}},"63":{"start":{"line":123,"column":12},"end":{"line":126,"column":13}},"64":{"start":{"line":123,"column":25},"end":{"line":123,"column":48}},"65":{"start":{"line":124,"column":26},"end":{"line":124,"column":61}},"66":{"start":{"line":125,"column":16},"end":{"line":125,"column":88}},"67":{"start":{"line":129,"column":12},"end":{"line":129,"column":144}},"68":{"start":{"line":129,"column":73},"end":{"line":129,"column":142}},"69":{"start":{"line":133,"column":8},"end":{"line":141,"column":11}},"70":{"start":{"line":134,"column":28},"end":{"line":134,"column":75}},"71":{"start":{"line":135,"column":30},"end":{"line":135,"column":83}},"72":{"start":{"line":136,"column":12},"end":{"line":140,"column":15}},"73":{"start":{"line":137,"column":16},"end":{"line":139,"column":17}},"74":{"start":{"line":138,"column":20},"end":{"line":138,"column":97}},"75":{"start":{"line":144,"column":25},"end":{"line":150,"column":10}},"76":{"start":{"line":145,"column":12},"end":{"line":149,"column":14}},"77":{"start":{"line":148,"column":52},"end":{"line":148,"column":83}},"78":{"start":{"line":152,"column":8},"end":{"line":152,"column":33}},"79":{"start":{"line":157,"column":16},"end":{"line":161,"column":46}},"80":{"start":{"line":163,"column":4},"end":{"line":172,"column":7}},"81":{"start":{"line":164,"column":8},"end":{"line":167,"column":9}},"82":{"start":{"line":165,"column":12},"end":{"line":165,"column":86}},"83":{"start":{"line":166,"column":12},"end":{"line":166,"column":19}},"84":{"start":{"line":169,"column":8},"end":{"line":171,"column":11}},"85":{"start":{"line":170,"column":12},"end":{"line":170,"column":128}},"86":{"start":{"line":176,"column":16},"end":{"line":181,"column":30}},"87":{"start":{"line":183,"column":4},"end":{"line":194,"column":7}},"88":{"start":{"line":184,"column":8},"end":{"line":187,"column":9}},"89":{"start":{"line":185,"column":12},"end":{"line":185,"column":89}},"90":{"start":{"line":186,"column":12},"end":{"line":186,"column":19}},"91":{"start":{"line":189,"column":8},"end":{"line":193,"column":11}},"92":{"start":{"line":191,"column":28},"end":{"line":191,"column":152}},"93":{"start":{"line":192,"column":12},"end":{"line":192,"column":62}},"94":{"start":{"line":198,"column":0},"end":{"line":209,"column":2}}},"fnMap":{"0":{"name":"cronJob","decl":{"start":{"line":5,"column":9},"end":{"line":5,"column":16}},"loc":{"start":{"line":5,"column":19},"end":{"line":23,"column":1}},"line":5},"1":{"name":"(anonymous_1)","decl":{"start":{"line":15,"column":49},"end":{"line":15,"column":50}},"loc":{"start":{"line":15,"column":55},"end":{"line":19,"column":9}},"line":15},"2":{"name":"optInParticipant","decl":{"start":{"line":25,"column":9},"end":{"line":25,"column":25}},"loc":{"start":{"line":25,"column":49},"end":{"line":33,"column":1}},"line":25},"3":{"name":"(anonymous_3)","decl":{"start":{"line":27,"column":31},"end":{"line":27,"column":32}},"loc":{"start":{"line":27,"column":40},"end":{"line":32,"column":5}},"line":27},"4":{"name":"optOutParticipant","decl":{"start":{"line":35,"column":9},"end":{"line":35,"column":26}},"loc":{"start":{"line":35,"column":50},"end":{"line":43,"column":1}},"line":35},"5":{"name":"(anonymous_5)","decl":{"start":{"line":37,"column":31},"end":{"line":37,"column":32}},"loc":{"start":{"line":37,"column":40},"end":{"line":42,"column":5}},"line":37},"6":{"name":"addParticipant","decl":{"start":{"line":45,"column":9},"end":{"line":45,"column":23}},"loc":{"start":{"line":45,"column":37},"end":{"line":55,"column":1}},"line":45},"7":{"name":"(anonymous_7)","decl":{"start":{"line":48,"column":57},"end":{"line":48,"column":58}},"loc":{"start":{"line":48,"column":72},"end":{"line":54,"column":5}},"line":48},"8":{"name":"removeParticipant","decl":{"start":{"line":57,"column":9},"end":{"line":57,"column":26}},"loc":{"start":{"line":57,"column":40},"end":{"line":66,"column":1}},"line":57},"9":{"name":"(anonymous_9)","decl":{"start":{"line":59,"column":31},"end":{"line":59,"column":32}},"loc":{"start":{"line":59,"column":46},"end":{"line":65,"column":5}},"line":59},"10":{"name":"removeAllParticipants","decl":{"start":{"line":68,"column":9},"end":{"line":68,"column":30}},"loc":{"start":{"line":68,"column":33},"end":{"line":77,"column":1}},"line":68},"11":{"name":"(anonymous_11)","decl":{"start":{"line":70,"column":20},"end":{"line":70,"column":21}},"loc":{"start":{"line":70,"column":35},"end":{"line":76,"column":5}},"line":70},"12":{"name":"recordResponse","decl":{"start":{"line":79,"column":9},"end":{"line":79,"column":23}},"loc":{"start":{"line":79,"column":51},"end":{"line":99,"column":1}},"line":79},"13":{"name":"(anonymous_13)","decl":{"start":{"line":81,"column":46},"end":{"line":81,"column":47}},"loc":{"start":{"line":81,"column":70},"end":{"line":98,"column":5}},"line":81},"14":{"name":"(anonymous_14)","decl":{"start":{"line":88,"column":62},"end":{"line":88,"column":63}},"loc":{"start":{"line":88,"column":83},"end":{"line":94,"column":13}},"line":88},"15":{"name":"getAllParticipants","decl":{"start":{"line":101,"column":9},"end":{"line":101,"column":27}},"loc":{"start":{"line":101,"column":38},"end":{"line":110,"column":1}},"line":101},"16":{"name":"(anonymous_16)","decl":{"start":{"line":103,"column":20},"end":{"line":103,"column":21}},"loc":{"start":{"line":103,"column":35},"end":{"line":109,"column":5}},"line":103},"17":{"name":"randomizeParticipants","decl":{"start":{"line":112,"column":9},"end":{"line":112,"column":30}},"loc":{"start":{"line":112,"column":41},"end":{"line":154,"column":1}},"line":112},"18":{"name":"(anonymous_18)","decl":{"start":{"line":113,"column":23},"end":{"line":113,"column":24}},"loc":{"start":{"line":113,"column":46},"end":{"line":153,"column":5}},"line":113},"19":{"name":"(anonymous_19)","decl":{"start":{"line":129,"column":49},"end":{"line":129,"column":50}},"loc":{"start":{"line":129,"column":73},"end":{"line":129,"column":142}},"line":129},"20":{"name":"(anonymous_20)","decl":{"start":{"line":133,"column":29},"end":{"line":133,"column":30}},"loc":{"start":{"line":133,"column":53},"end":{"line":141,"column":9}},"line":133},"21":{"name":"(anonymous_21)","decl":{"start":{"line":136,"column":60},"end":{"line":136,"column":61}},"loc":{"start":{"line":136,"column":75},"end":{"line":140,"column":13}},"line":136},"22":{"name":"(anonymous_22)","decl":{"start":{"line":144,"column":42},"end":{"line":144,"column":43}},"loc":{"start":{"line":144,"column":57},"end":{"line":150,"column":9}},"line":144},"23":{"name":"(anonymous_23)","decl":{"start":{"line":148,"column":47},"end":{"line":148,"column":48}},"loc":{"start":{"line":148,"column":52},"end":{"line":148,"column":83}},"line":148},"24":{"name":"sendReminderTexts","decl":{"start":{"line":156,"column":9},"end":{"line":156,"column":26}},"loc":{"start":{"line":156,"column":29},"end":{"line":173,"column":1}},"line":156},"25":{"name":"(anonymous_25)","decl":{"start":{"line":163,"column":20},"end":{"line":163,"column":21}},"loc":{"start":{"line":163,"column":35},"end":{"line":172,"column":5}},"line":163},"26":{"name":"(anonymous_26)","decl":{"start":{"line":169,"column":21},"end":{"line":169,"column":22}},"loc":{"start":{"line":169,"column":28},"end":{"line":171,"column":9}},"line":169},"27":{"name":"notifyParticipants","decl":{"start":{"line":175,"column":9},"end":{"line":175,"column":27}},"loc":{"start":{"line":175,"column":30},"end":{"line":195,"column":1}},"line":175},"28":{"name":"(anonymous_28)","decl":{"start":{"line":183,"column":20},"end":{"line":183,"column":21}},"loc":{"start":{"line":183,"column":35},"end":{"line":194,"column":5}},"line":183},"29":{"name":"(anonymous_29)","decl":{"start":{"line":189,"column":21},"end":{"line":189,"column":22}},"loc":{"start":{"line":189,"column":28},"end":{"line":193,"column":9}},"line":189}},"branchMap":{"0":{"loc":{"start":{"line":8,"column":4},"end":{"line":22,"column":5}},"type":"if","locations":[{"start":{"line":8,"column":4},"end":{"line":22,"column":5}},{"start":{"line":12,"column":11},"end":{"line":22,"column":5}}],"line":8},"1":{"loc":{"start":{"line":12,"column":11},"end":{"line":22,"column":5}},"type":"if","locations":[{"start":{"line":12,"column":11},"end":{"line":22,"column":5}},{"start":{"line":20,"column":11},"end":{"line":22,"column":5}}],"line":12},"2":{"loc":{"start":{"line":28,"column":8},"end":{"line":30,"column":9}},"type":"if","locations":[{"start":{"line":28,"column":8},"end":{"line":30,"column":9}},{"start":{},"end":{}}],"line":28},"3":{"loc":{"start":{"line":38,"column":8},"end":{"line":40,"column":9}},"type":"if","locations":[{"start":{"line":38,"column":8},"end":{"line":40,"column":9}},{"start":{},"end":{}}],"line":38},"4":{"loc":{"start":{"line":48,"column":36},"end":{"line":48,"column":54}},"type":"cond-expr","locations":[{"start":{"line":48,"column":49},"end":{"line":48,"column":50}},{"start":{"line":48,"column":53},"end":{"line":48,"column":54}}],"line":48},"5":{"loc":{"start":{"line":49,"column":8},"end":{"line":53,"column":9}},"type":"if","locations":[{"start":{"line":49,"column":8},"end":{"line":53,"column":9}},{"start":{"line":51,"column":15},"end":{"line":53,"column":9}}],"line":49},"6":{"loc":{"start":{"line":60,"column":8},"end":{"line":64,"column":9}},"type":"if","locations":[{"start":{"line":60,"column":8},"end":{"line":64,"column":9}},{"start":{"line":62,"column":15},"end":{"line":64,"column":9}}],"line":60},"7":{"loc":{"start":{"line":71,"column":8},"end":{"line":75,"column":9}},"type":"if","locations":[{"start":{"line":71,"column":8},"end":{"line":75,"column":9}},{"start":{"line":73,"column":15},"end":{"line":75,"column":9}}],"line":71},"8":{"loc":{"start":{"line":82,"column":8},"end":{"line":85,"column":9}},"type":"if","locations":[{"start":{"line":82,"column":8},"end":{"line":85,"column":9}},{"start":{},"end":{}}],"line":82},"9":{"loc":{"start":{"line":86,"column":8},"end":{"line":97,"column":9}},"type":"if","locations":[{"start":{"line":86,"column":8},"end":{"line":97,"column":9}},{"start":{"line":95,"column":15},"end":{"line":97,"column":9}}],"line":86},"10":{"loc":{"start":{"line":89,"column":16},"end":{"line":93,"column":17}},"type":"if","locations":[{"start":{"line":89,"column":16},"end":{"line":93,"column":17}},{"start":{"line":91,"column":23},"end":{"line":93,"column":17}}],"line":89},"11":{"loc":{"start":{"line":104,"column":8},"end":{"line":108,"column":9}},"type":"if","locations":[{"start":{"line":104,"column":8},"end":{"line":108,"column":9}},{"start":{"line":106,"column":15},"end":{"line":108,"column":9}}],"line":104},"12":{"loc":{"start":{"line":114,"column":8},"end":{"line":118,"column":9}},"type":"if","locations":[{"start":{"line":114,"column":8},"end":{"line":118,"column":9}},{"start":{},"end":{}}],"line":114},"13":{"loc":{"start":{"line":137,"column":16},"end":{"line":139,"column":17}},"type":"if","locations":[{"start":{"line":137,"column":16},"end":{"line":139,"column":17}},{"start":{},"end":{}}],"line":137},"14":{"loc":{"start":{"line":164,"column":8},"end":{"line":167,"column":9}},"type":"if","locations":[{"start":{"line":164,"column":8},"end":{"line":167,"column":9}},{"start":{},"end":{}}],"line":164},"15":{"loc":{"start":{"line":184,"column":8},"end":{"line":187,"column":9}},"type":"if","locations":[{"start":{"line":184,"column":8},"end":{"line":187,"column":9}},{"start":{},"end":{}}],"line":184},"16":{"loc":{"start":{"line":191,"column":104},"end":{"line":191,"column":150}},"type":"binary-expr","locations":[{"start":{"line":191,"column":104},"end":{"line":191,"column":123}},{"start":{"line":191,"column":127},"end":{"line":191,"column":150}}],"line":191}},"s":{"0":2,"1":2,"2":2,"3":0,"4":0,"5":0,"6":0,"7":0,"8":0,"9":0,"10":0,"11":0,"12":0,"13":1,"14":1,"15":1,"16":0,"17":1,"18":1,"19":1,"20":1,"21":0,"22":1,"23":1,"24":1,"25":1,"26":1,"27":0,"28":1,"29":1,"30":1,"31":1,"32":0,"33":1,"34":0,"35":0,"36":0,"37":0,"38":0,"39":0,"40":0,"41":0,"42":0,"43":0,"44":0,"45":0,"46":0,"47":0,"48":0,"49":0,"50":0,"51":1,"52":1,"53":1,"54":0,"55":1,"56":1,"57":1,"58":0,"59":0,"60":0,"61":1,"62":1,"63":1,"64":1,"65":1,"66":1,"67":1,"68":2,"69":1,"70":2,"71":2,"72":2,"73":2,"74":0,"75":1,"76":2,"77":3,"78":1,"79":1,"80":1,"81":1,"82":0,"83":0,"84":1,"85":2,"86":1,"87":1,"88":1,"89":0,"90":0,"91":1,"92":2,"93":2,"94":2},"f":{"0":0,"1":0,"2":1,"3":1,"4":1,"5":1,"6":1,"7":1,"8":1,"9":1,"10":0,"11":0,"12":0,"13":0,"14":0,"15":1,"16":1,"17":1,"18":1,"19":2,"20":2,"21":2,"22":2,"23":3,"24":1,"25":1,"26":2,"27":1,"28":1,"29":2},"b":{"0":[0,0],"1":[0,0],"2":[0,1],"3":[0,1],"4":[0,1],"5":[0,1],"6":[0,1],"7":[0,0],"8":[0,0],"9":[0,0],"10":[0,0],"11":[0,1],"12":[0,1],"13":[0,2],"14":[0,1],"15":[0,1],"16":[2,2]},"_coverageSchema":"1a1c01bbd47fc00a2c39e90264f33305004495a9","hash":"6ffa8ef102e387a7af27474926cf70fa54390d59"}
,"/Users/keegangaffney/Development/white-elephant/src/services/smsService.js": {"path":"/Users/keegangaffney/Development/white-elephant/src/services/smsService.js","statementMap":{"0":{"start":{"line":1,"column":11},"end":{"line":1,"column":36}},"1":{"start":{"line":2,"column":15},"end":{"line":2,"column":34}},"2":{"start":{"line":3,"column":15},"end":{"line":3,"column":95}},"3":{"start":{"line":6,"column":4},"end":{"line":6,"column":59}},"4":{"start":{"line":6,"column":34},"end":{"line":6,"column":57}},"5":{"start":{"line":10,"column":16},"end":{"line":10,"column":69}},"6":{"start":{"line":11,"column":4},"end":{"line":18,"column":7}},"7":{"start":{"line":12,"column":8},"end":{"line":16,"column":9}},"8":{"start":{"line":13,"column":12},"end":{"line":13,"column":73}},"9":{"start":{"line":14,"column":12},"end":{"line":14,"column":32}},"10":{"start":{"line":15,"column":12},"end":{"line":15,"column":19}},"11":{"start":{"line":17,"column":8},"end":{"line":17,"column":50}},"12":{"start":{"line":22,"column":20},"end":{"line":22,"column":23}},"13":{"start":{"line":23,"column":16},"end":{"line":23,"column":18}},"14":{"start":{"line":25,"column":4},"end":{"line":29,"column":5}},"15":{"start":{"line":26,"column":19},"end":{"line":26,"column":48}},"16":{"start":{"line":27,"column":8},"end":{"line":27,"column":25}},"17":{"start":{"line":28,"column":8},"end":{"line":28,"column":45}},"18":{"start":{"line":31,"column":4},"end":{"line":31,"column":17}},"19":{"start":{"line":35,"column":23},"end":{"line":35,"column":24}},"20":{"start":{"line":36,"column":23},"end":{"line":36,"column":27}},"21":{"start":{"line":38,"column":4},"end":{"line":69,"column":7}},"22":{"start":{"line":39,"column":8},"end":{"line":42,"column":9}},"23":{"start":{"line":40,"column":12},"end":{"line":40,"column":71}},"24":{"start":{"line":41,"column":12},"end":{"line":41,"column":19}},"25":{"start":{"line":44,"column":8},"end":{"line":47,"column":9}},"26":{"start":{"line":45,"column":12},"end":{"line":45,"column":90}},"27":{"start":{"line":46,"column":12},"end":{"line":46,"column":19}},"28":{"start":{"line":49,"column":29},"end":{"line":49,"column":50}},"29":{"start":{"line":50,"column":8},"end":{"line":68,"column":9}},"30":{"start":{"line":51,"column":12},"end":{"line":67,"column":13}},"31":{"start":{"line":52,"column":16},"end":{"line":56,"column":19}},"32":{"start":{"line":57,"column":16},"end":{"line":57,"column":54}},"33":{"start":{"line":59,"column":16},"end":{"line":59,"column":78}},"34":{"start":{"line":60,"column":16},"end":{"line":66,"column":17}},"35":{"start":{"line":61,"column":20},"end":{"line":61,"column":84}},"36":{"start":{"line":62,"column":20},"end":{"line":62,"column":44}},"37":{"start":{"line":63,"column":20},"end":{"line":63,"column":60}},"38":{"start":{"line":65,"column":20},"end":{"line":65,"column":78}},"39":{"start":{"line":72,"column":0},"end":{"line":72,"column":29}}},"fnMap":{"0":{"name":"sleep","decl":{"start":{"line":5,"column":9},"end":{"line":5,"column":14}},"loc":{"start":{"line":5,"column":19},"end":{"line":7,"column":1}},"line":5},"1":{"name":"(anonymous_1)","decl":{"start":{"line":6,"column":23},"end":{"line":6,"column":24}},"loc":{"start":{"line":6,"column":34},"end":{"line":6,"column":57}},"line":6},"2":{"name":"checkOptInStatus","decl":{"start":{"line":9,"column":9},"end":{"line":9,"column":25}},"loc":{"start":{"line":9,"column":49},"end":{"line":19,"column":1}},"line":9},"3":{"name":"(anonymous_3)","decl":{"start":{"line":11,"column":31},"end":{"line":11,"column":32}},"loc":{"start":{"line":11,"column":45},"end":{"line":18,"column":5}},"line":11},"4":{"name":"splitMessage","decl":{"start":{"line":21,"column":9},"end":{"line":21,"column":21}},"loc":{"start":{"line":21,"column":31},"end":{"line":32,"column":1}},"line":21},"5":{"name":"sendSMS","decl":{"start":{"line":34,"column":15},"end":{"line":34,"column":22}},"loc":{"start":{"line":34,"column":52},"end":{"line":70,"column":1}},"line":34},"6":{"name":"(anonymous_6)","decl":{"start":{"line":38,"column":25},"end":{"line":38,"column":26}},"loc":{"start":{"line":38,"column":51},"end":{"line":69,"column":5}},"line":38}},"branchMap":{"0":{"loc":{"start":{"line":12,"column":8},"end":{"line":16,"column":9}},"type":"if","locations":[{"start":{"line":12,"column":8},"end":{"line":16,"column":9}},{"start":{},"end":{}}],"line":12},"1":{"loc":{"start":{"line":17,"column":23},"end":{"line":17,"column":48}},"type":"binary-expr","locations":[{"start":{"line":17,"column":23},"end":{"line":17,"column":26}},{"start":{"line":17,"column":30},"end":{"line":17,"column":48}}],"line":17},"2":{"loc":{"start":{"line":34,"column":36},"end":{"line":34,"column":50}},"type":"default-arg","locations":[{"start":{"line":34,"column":49},"end":{"line":34,"column":50}}],"line":34},"3":{"loc":{"start":{"line":39,"column":8},"end":{"line":42,"column":9}},"type":"if","locations":[{"start":{"line":39,"column":8},"end":{"line":42,"column":9}},{"start":{},"end":{}}],"line":39},"4":{"loc":{"start":{"line":44,"column":8},"end":{"line":47,"column":9}},"type":"if","locations":[{"start":{"line":44,"column":8},"end":{"line":47,"column":9}},{"start":{},"end":{}}],"line":44},"5":{"loc":{"start":{"line":60,"column":16},"end":{"line":66,"column":17}},"type":"if","locations":[{"start":{"line":60,"column":16},"end":{"line":66,"column":17}},{"start":{"line":64,"column":23},"end":{"line":66,"column":17}}],"line":60}},"s":{"0":1,"1":1,"2":1,"3":0,"4":0,"5":0,"6":0,"7":0,"8":0,"9":0,"10":0,"11":0,"12":0,"13":0,"14":0,"15":0,"16":0,"17":0,"18":0,"19":0,"20":0,"21":0,"22":0,"23":0,"24":0,"25":0,"26":0,"27":0,"28":0,"29":0,"30":0,"31":0,"32":0,"33":0,"34":0,"35":0,"36":0,"37":0,"38":0,"39":1},"f":{"0":0,"1":0,"2":0,"3":0,"4":0,"5":0,"6":0},"b":{"0":[0,0],"1":[0,0],"2":[0],"3":[0,0],"4":[0,0],"5":[0,0]},"_coverageSchema":"1a1c01bbd47fc00a2c39e90264f33305004495a9","hash":"945ba4b04afaf5b8d69f2694176a0be129fa1a67"}
,"/Users/keegangaffney/Development/white-elephant/src/utils/csvParser.js": {"path":"/Users/keegangaffney/Development/white-elephant/src/utils/csvParser.js","statementMap":{"0":{"start":{"line":1,"column":11},"end":{"line":1,"column":24}},"1":{"start":{"line":2,"column":17},"end":{"line":2,"column":36}},"2":{"start":{"line":5,"column":23},"end":{"line":5,"column":52}},"3":{"start":{"line":6,"column":15},"end":{"line":9,"column":6}},"4":{"start":{"line":11,"column":25},"end":{"line":11,"column":34}},"5":{"start":{"line":12,"column":22},"end":{"line":12,"column":26}},"6":{"start":{"line":14,"column":4},"end":{"line":22,"column":5}},"7":{"start":{"line":15,"column":8},"end":{"line":18,"column":9}},"8":{"start":{"line":16,"column":12},"end":{"line":16,"column":32}},"9":{"start":{"line":17,"column":12},"end":{"line":17,"column":21}},"10":{"start":{"line":20,"column":48},"end":{"line":20,"column":90}},"11":{"start":{"line":20,"column":77},"end":{"line":20,"column":89}},"12":{"start":{"line":21,"column":8},"end":{"line":21,"column":93}},"13":{"start":{"line":23,"column":4},"end":{"line":23,"column":45}},"14":{"start":{"line":26,"column":0},"end":{"line":26,"column":30}}},"fnMap":{"0":{"name":"parseCSV","decl":{"start":{"line":4,"column":15},"end":{"line":4,"column":23}},"loc":{"start":{"line":4,"column":34},"end":{"line":24,"column":1}},"line":4},"1":{"name":"(anonymous_1)","decl":{"start":{"line":20,"column":68},"end":{"line":20,"column":69}},"loc":{"start":{"line":20,"column":77},"end":{"line":20,"column":89}},"line":20}},"branchMap":{"0":{"loc":{"start":{"line":15,"column":8},"end":{"line":18,"column":9}},"type":"if","locations":[{"start":{"line":15,"column":8},"end":{"line":18,"column":9}},{"start":{},"end":{}}],"line":15}},"s":{"0":2,"1":2,"2":1,"3":1,"4":1,"5":1,"6":1,"7":3,"8":1,"9":1,"10":2,"11":6,"12":2,"13":1,"14":2},"f":{"0":1,"1":6},"b":{"0":[1,2]},"_coverageSchema":"1a1c01bbd47fc00a2c39e90264f33305004495a9","hash":"db73fb71082e3f0479486b2d08637ffe42a72955"}
}
