TN:
SF:src/server.js
FN:20,(anonymous_0)
FN:26,(anonymous_1)
FN:30,(anonymous_2)
FN:35,(anonymous_3)
FN:39,(anonymous_4)
FN:52,(anonymous_5)
FNF:6
FNH:2
FNDA:0,(anonymous_0)
FNDA:1,(anonymous_1)
FNDA:4,(anonymous_2)
FNDA:0,(anonymous_3)
FNDA:0,(anonymous_4)
FNDA:0,(anonymous_5)
DA:1,1
DA:2,1
DA:3,1
DA:4,1
DA:5,1
DA:6,1
DA:7,1
DA:8,1
DA:9,1
DA:10,1
DA:13,1
DA:14,1
DA:16,1
DA:17,1
DA:19,1
DA:20,0
DA:21,0
DA:26,1
DA:27,1
DA:30,1
DA:31,4
DA:32,4
DA:34,4
DA:35,1
DA:36,0
DA:38,3
DA:39,1
DA:40,0
DA:42,2
DA:43,1
DA:45,1
DA:48,4
DA:51,1
DA:52,0
DA:53,0
DA:58,1
LF:36
LH:30
BRDA:19,0,0,0
BRDA:19,0,1,1
BRDA:34,1,0,1
BRDA:34,1,1,3
BRDA:38,2,0,1
BRDA:38,2,1,2
BRDA:42,3,0,1
BRDA:42,3,1,1
BRDA:42,4,0,2
BRDA:42,4,1,1
BRDA:51,5,0,0
BRDA:51,5,1,1
BRF:12
BRH:10
end_of_record
TN:
SF:src/db/database.js
FN:7,(anonymous_0)
FN:17,initializeTables
FNF:2
FNH:2
FNDA:2,(anonymous_0)
FNDA:2,initializeTables
DA:1,2
DA:2,2
DA:3,2
DA:4,2
DA:5,2
DA:7,2
DA:8,2
DA:9,0
DA:10,0
DA:12,2
DA:13,2
DA:19,2
DA:30,2
DA:38,2
DA:44,2
DA:45,2
DA:46,2
DA:48,2
DA:51,2
LF:19
LH:17
BRDA:8,0,0,0
BRDA:8,0,1,2
BRF:2
BRH:1
end_of_record
TN:
SF:src/db/models/Participants.js
FN:2,(anonymous_0)
FNF:1
FNH:0
FNDA:0,(anonymous_0)
DA:3,0
DA:4,0
DA:5,0
DA:6,0
DA:7,0
DA:11,2
LF:6
LH:1
BRF:0
BRH:0
end_of_record
TN:
SF:src/services/adminService.js
FN:6,processAdminCommand
FN:14,(anonymous_1)
FN:32,(anonymous_2)
FN:36,(anonymous_3)
FNF:4
FNH:2
FNDA:5,processAdminCommand
FNDA:0,(anonymous_1)
FNDA:1,(anonymous_2)
FNDA:0,(anonymous_3)
DA:1,2
DA:2,2
DA:3,2
DA:4,2
DA:7,5
DA:8,5
DA:10,5
DA:12,1
DA:13,1
DA:14,1
DA:15,0
DA:18,1
DA:22,1
DA:23,1
DA:24,1
DA:28,1
DA:29,1
DA:30,1
DA:32,1
DA:33,1
DA:34,0
DA:36,1
DA:38,0
DA:42,1
DA:44,1
DA:48,2
LF:26
LH:23
BRDA:10,0,0,1
BRDA:10,0,1,1
BRDA:10,0,2,1
BRDA:10,0,3,1
BRDA:10,0,4,1
BRDA:33,1,0,0
BRDA:33,1,1,1
BRF:7
BRH:6
end_of_record
TN:
SF:src/services/logger.js
FNF:0
FNH:0
DA:1,2
DA:3,2
DA:20,2
DA:21,2
DA:26,2
LF:5
LH:5
BRDA:20,0,0,2
BRDA:20,0,1,0
BRF:2
BRH:1
end_of_record
TN:
SF:src/services/participantService.js
FN:5,cronJob
FN:15,(anonymous_1)
FN:25,optInParticipant
FN:27,(anonymous_3)
FN:35,optOutParticipant
FN:37,(anonymous_5)
FN:45,addParticipant
FN:48,(anonymous_7)
FN:57,removeParticipant
FN:59,(anonymous_9)
FN:68,removeAllParticipants
FN:70,(anonymous_11)
FN:79,recordResponse
FN:81,(anonymous_13)
FN:88,(anonymous_14)
FN:101,getAllParticipants
FN:103,(anonymous_16)
FN:112,randomizeParticipants
FN:113,(anonymous_18)
FN:129,(anonymous_19)
FN:133,(anonymous_20)
FN:136,(anonymous_21)
FN:144,(anonymous_22)
FN:148,(anonymous_23)
FN:156,sendReminderTexts
FN:163,(anonymous_25)
FN:169,(anonymous_26)
FN:175,notifyParticipants
FN:183,(anonymous_28)
FN:189,(anonymous_29)
FNF:30
FNH:23
FNDA:0,cronJob
FNDA:0,(anonymous_1)
FNDA:1,optInParticipant
FNDA:1,(anonymous_3)
FNDA:1,optOutParticipant
FNDA:1,(anonymous_5)
FNDA:1,addParticipant
FNDA:1,(anonymous_7)
FNDA:1,removeParticipant
FNDA:1,(anonymous_9)
FNDA:0,removeAllParticipants
FNDA:0,(anonymous_11)
FNDA:0,recordResponse
FNDA:0,(anonymous_13)
FNDA:0,(anonymous_14)
FNDA:1,getAllParticipants
FNDA:1,(anonymous_16)
FNDA:1,randomizeParticipants
FNDA:1,(anonymous_18)
FNDA:2,(anonymous_19)
FNDA:2,(anonymous_20)
FNDA:2,(anonymous_21)
FNDA:2,(anonymous_22)
FNDA:3,(anonymous_23)
FNDA:1,sendReminderTexts
FNDA:1,(anonymous_25)
FNDA:2,(anonymous_26)
FNDA:1,notifyParticipants
FNDA:1,(anonymous_28)
FNDA:2,(anonymous_29)
DA:1,2
DA:2,2
DA:3,2
DA:6,0
DA:8,0
DA:10,0
DA:11,0
DA:12,0
DA:14,0
DA:15,0
DA:17,0
DA:18,0
DA:21,0
DA:26,1
DA:27,1
DA:28,1
DA:29,0
DA:31,1
DA:36,1
DA:37,1
DA:38,1
DA:39,0
DA:41,1
DA:46,1
DA:47,1
DA:48,1
DA:49,1
DA:50,0
DA:52,1
DA:58,1
DA:59,1
DA:60,1
DA:61,0
DA:63,1
DA:69,0
DA:70,0
DA:71,0
DA:72,0
DA:74,0
DA:80,0
DA:81,0
DA:82,0
DA:83,0
DA:84,0
DA:86,0
DA:87,0
DA:88,0
DA:89,0
DA:90,0
DA:92,0
DA:96,0
DA:102,1
DA:103,1
DA:104,1
DA:105,0
DA:107,1
DA:113,1
DA:114,1
DA:115,0
DA:116,0
DA:117,0
DA:120,1
DA:121,1
DA:123,1
DA:124,1
DA:125,1
DA:129,2
DA:133,1
DA:134,2
DA:135,2
DA:136,2
DA:137,2
DA:138,0
DA:144,1
DA:145,2
DA:148,3
DA:152,1
DA:157,1
DA:163,1
DA:164,1
DA:165,0
DA:166,0
DA:169,1
DA:170,2
DA:176,1
DA:183,1
DA:184,1
DA:185,0
DA:186,0
DA:189,1
DA:191,2
DA:192,2
DA:198,2
LF:93
LH:53
BRDA:8,0,0,0
BRDA:8,0,1,0
BRDA:12,1,0,0
BRDA:12,1,1,0
BRDA:28,2,0,0
BRDA:28,2,1,1
BRDA:38,3,0,0
BRDA:38,3,1,1
BRDA:48,4,0,0
BRDA:48,4,1,1
BRDA:49,5,0,0
BRDA:49,5,1,1
BRDA:60,6,0,0
BRDA:60,6,1,1
BRDA:71,7,0,0
BRDA:71,7,1,0
BRDA:82,8,0,0
BRDA:82,8,1,0
BRDA:86,9,0,0
BRDA:86,9,1,0
BRDA:89,10,0,0
BRDA:89,10,1,0
BRDA:104,11,0,0
BRDA:104,11,1,1
BRDA:114,12,0,0
BRDA:114,12,1,1
BRDA:137,13,0,0
BRDA:137,13,1,2
BRDA:164,14,0,0
BRDA:164,14,1,1
BRDA:184,15,0,0
BRDA:184,15,1,1
BRDA:191,16,0,2
BRDA:191,16,1,2
BRF:34
BRH:12
end_of_record
TN:
SF:src/services/smsService.js
FN:5,sleep
FN:6,(anonymous_1)
FN:9,checkOptInStatus
FN:11,(anonymous_3)
FN:21,splitMessage
FN:34,sendSMS
FN:38,(anonymous_6)
FNF:7
FNH:0
FNDA:0,sleep
FNDA:0,(anonymous_1)
FNDA:0,checkOptInStatus
FNDA:0,(anonymous_3)
FNDA:0,splitMessage
FNDA:0,sendSMS
FNDA:0,(anonymous_6)
DA:1,1
DA:2,1
DA:3,1
DA:6,0
DA:10,0
DA:11,0
DA:12,0
DA:13,0
DA:14,0
DA:15,0
DA:17,0
DA:22,0
DA:23,0
DA:25,0
DA:26,0
DA:27,0
DA:28,0
DA:31,0
DA:35,0
DA:36,0
DA:38,0
DA:39,0
DA:40,0
DA:41,0
DA:44,0
DA:45,0
DA:46,0
DA:49,0
DA:50,0
DA:51,0
DA:52,0
DA:57,0
DA:59,0
DA:60,0
DA:61,0
DA:62,0
DA:63,0
DA:65,0
DA:72,1
LF:39
LH:4
BRDA:12,0,0,0
BRDA:12,0,1,0
BRDA:17,1,0,0
BRDA:17,1,1,0
BRDA:34,2,0,0
BRDA:39,3,0,0
BRDA:39,3,1,0
BRDA:44,4,0,0
BRDA:44,4,1,0
BRDA:60,5,0,0
BRDA:60,5,1,0
BRF:11
BRH:0
end_of_record
TN:
SF:src/utils/csvParser.js
FN:4,parseCSV
FN:20,(anonymous_1)
FNF:2
FNH:2
FNDA:1,parseCSV
FNDA:6,(anonymous_1)
DA:1,2
DA:2,2
DA:5,1
DA:6,1
DA:11,1
DA:12,1
DA:14,1
DA:15,3
DA:16,1
DA:17,1
DA:20,6
DA:21,2
DA:23,1
DA:26,2
LF:14
LH:14
BRDA:15,0,0,1
BRDA:15,0,1,2
BRF:2
BRH:2
end_of_record
